<?xml version="1.0" encoding="UTF-8"?>
<coverage generated="1605570997593" clover="3.2.0">
  <project timestamp="1605570997594" name="All files">
    <metrics statements="61" coveredstatements="58" conditionals="2" coveredconditionals="0" methods="9" coveredmethods="8" elements="72" coveredelements="66" complexity="0" loc="61" ncloc="61" packages="1" files="4" classes="4"/>
    <file name="config.js" path="/Users/becca/Documents/HackReactor/GitHub Repositories/FEC/Abessia-FrontEndCapstone/server/config.js">
      <metrics statements="3" coveredstatements="3" conditionals="0" coveredconditionals="0" methods="0" coveredmethods="0"/>
      <line num="1" count="1" type="stmt"/>
      <line num="8" count="1" type="stmt"/>
      <line num="15" count="1" type="stmt"/>
    </file>
    <file name="fakerData.js" path="/Users/becca/Documents/HackReactor/GitHub Repositories/FEC/Abessia-FrontEndCapstone/server/fakerData.js">
      <metrics statements="35" coveredstatements="35" conditionals="0" coveredconditionals="0" methods="5" coveredmethods="5"/>
      <line num="1" count="1" type="stmt"/>
      <line num="4" count="1" type="stmt"/>
      <line num="5" count="101" type="stmt"/>
      <line num="6" count="101" type="stmt"/>
      <line num="7" count="101" type="stmt"/>
      <line num="8" count="101" type="stmt"/>
      <line num="9" count="101" type="stmt"/>
      <line num="10" count="101" type="stmt"/>
      <line num="13" count="1" type="stmt"/>
      <line num="15" count="101" type="stmt"/>
      <line num="16" count="101" type="stmt"/>
      <line num="18" count="101" type="stmt"/>
      <line num="19" count="216" type="stmt"/>
      <line num="20" count="216" type="stmt"/>
      <line num="21" count="216" type="stmt"/>
      <line num="22" count="216" type="stmt"/>
      <line num="25" count="101" type="stmt"/>
      <line num="28" count="1" type="stmt"/>
      <line num="29" count="217" type="stmt"/>
      <line num="31" count="217" type="stmt"/>
      <line num="32" count="217" type="stmt"/>
      <line num="33" count="870" type="stmt"/>
      <line num="35" count="217" type="stmt"/>
      <line num="38" count="1" type="stmt"/>
      <line num="39" count="871" type="stmt"/>
      <line num="42" count="871" type="stmt"/>
      <line num="44" count="871" type="stmt"/>
      <line num="45" count="871" type="stmt"/>
      <line num="47" count="871" type="stmt"/>
      <line num="51" count="1" type="stmt"/>
      <line num="52" count="1" type="stmt"/>
      <line num="53" count="30" type="stmt"/>
      <line num="55" count="1" type="stmt"/>
      <line num="58" count="1" type="stmt"/>
      <line num="60" count="1" type="stmt"/>
    </file>
    <file name="index.js" path="/Users/becca/Documents/HackReactor/GitHub Repositories/FEC/Abessia-FrontEndCapstone/server/index.js">
      <metrics statements="0" coveredstatements="0" conditionals="0" coveredconditionals="0" methods="0" coveredmethods="0"/>
    </file>
    <file name="seedDB.js" path="/Users/becca/Documents/HackReactor/GitHub Repositories/FEC/Abessia-FrontEndCapstone/server/seedDB.js">
      <metrics statements="23" coveredstatements="20" conditionals="2" coveredconditionals="0" methods="4" coveredmethods="3"/>
      <line num="1" count="1" type="stmt"/>
      <line num="2" count="1" type="stmt"/>
      <line num="3" count="1" type="stmt"/>
      <line num="6" count="1" type="stmt"/>
      <line num="15" count="1" type="stmt"/>
      <line num="20" count="1" type="stmt"/>
      <line num="22" count="1" type="stmt"/>
      <line num="23" count="100" type="stmt"/>
      <line num="26" count="1" type="stmt"/>
      <line num="28" count="1" type="stmt"/>
      <line num="34" count="1" type="stmt"/>
      <line num="35" count="1" type="stmt"/>
      <line num="36" count="1" type="stmt"/>
      <line num="38" count="1" type="stmt"/>
      <line num="39" count="100" type="stmt"/>
      <line num="40" count="100" type="stmt"/>
      <line num="41" count="100" type="stmt"/>
      <line num="43" count="100" type="stmt"/>
      <line num="45" count="100" type="stmt"/>
      <line num="46" count="0" type="cond" truecount="0" falsecount="2"/>
      <line num="47" count="0" type="stmt"/>
      <line num="49" count="0" type="stmt"/>
      <line num="55" count="1" type="stmt"/>
    </file>
  </project>
</coverage>
