{"/Users/becca/Documents/HackReactor/GitHub Repositories/FEC/Abessia-FrontEndCapstone/client/app.jsx": {"path":"/Users/becca/Documents/HackReactor/GitHub Repositories/FEC/Abessia-FrontEndCapstone/client/app.jsx","statementMap":{"0":{"start":{"line":15,"column":13},"end":{"line":20,"column":1}},"1":{"start":{"line":22,"column":13},"end":{"line":25,"column":1}},"2":{"start":{"line":27,"column":18},"end":{"line":31,"column":1}},"3":{"start":{"line":33,"column":19},"end":{"line":37,"column":1}},"4":{"start":{"line":39,"column":20},"end":{"line":43,"column":1}},"5":{"start":{"line":45,"column":24},"end":{"line":49,"column":1}},"6":{"start":{"line":65,"column":4},"end":{"line":65,"column":17}},"7":{"start":{"line":67,"column":4},"end":{"line":67,"column":53}},"8":{"start":{"line":68,"column":4},"end":{"line":68,"column":47}},"9":{"start":{"line":69,"column":4},"end":{"line":69,"column":59}},"10":{"start":{"line":70,"column":4},"end":{"line":70,"column":59}},"11":{"start":{"line":72,"column":4},"end":{"line":82,"column":6}},"12":{"start":{"line":86,"column":4},"end":{"line":92,"column":5}},"13":{"start":{"line":87,"column":6},"end":{"line":87,"column":44}},"14":{"start":{"line":89,"column":6},"end":{"line":91,"column":9}},"15":{"start":{"line":90,"column":8},"end":{"line":90,"column":37}},"16":{"start":{"line":96,"column":4},"end":{"line":109,"column":9}},"17":{"start":{"line":98,"column":8},"end":{"line":104,"column":9}},"18":{"start":{"line":99,"column":22},"end":{"line":99,"column":81}},"19":{"start":{"line":100,"column":10},"end":{"line":100,"column":31}},"20":{"start":{"line":101,"column":10},"end":{"line":101,"column":26}},"21":{"start":{"line":103,"column":10},"end":{"line":103,"column":35}},"22":{"start":{"line":107,"column":8},"end":{"line":107,"column":57}},"23":{"start":{"line":108,"column":8},"end":{"line":108,"column":15}},"24":{"start":{"line":113,"column":21},"end":{"line":113,"column":23}},"25":{"start":{"line":114,"column":4},"end":{"line":125,"column":5}},"26":{"start":{"line":114,"column":17},"end":{"line":114,"column":18}},"27":{"start":{"line":115,"column":23},"end":{"line":115,"column":38}},"28":{"start":{"line":116,"column":25},"end":{"line":116,"column":54}},"29":{"start":{"line":117,"column":19},"end":{"line":123,"column":7}},"30":{"start":{"line":124,"column":6},"end":{"line":124,"column":30}},"31":{"start":{"line":127,"column":4},"end":{"line":127,"column":37}},"32":{"start":{"line":131,"column":16},"end":{"line":131,"column":40}},"33":{"start":{"line":132,"column":20},"end":{"line":132,"column":72}},"34":{"start":{"line":133,"column":20},"end":{"line":133,"column":63}},"35":{"start":{"line":134,"column":17},"end":{"line":134,"column":35}},"36":{"start":{"line":135,"column":19},"end":{"line":135,"column":43}},"37":{"start":{"line":137,"column":4},"end":{"line":144,"column":7}},"38":{"start":{"line":148,"column":17},"end":{"line":148,"column":56}},"39":{"start":{"line":149,"column":19},"end":{"line":149,"column":64}},"40":{"start":{"line":150,"column":4},"end":{"line":154,"column":7}},"41":{"start":{"line":158,"column":4},"end":{"line":182,"column":5}},"42":{"start":{"line":159,"column":6},"end":{"line":161,"column":8}},"43":{"start":{"line":163,"column":6},"end":{"line":181,"column":8}}},"fnMap":{"0":{"name":"(anonymous_0)","decl":{"start":{"line":64,"column":2},"end":{"line":64,"column":3}},"loc":{"start":{"line":64,"column":21},"end":{"line":83,"column":3}},"line":64},"1":{"name":"(anonymous_1)","decl":{"start":{"line":85,"column":2},"end":{"line":85,"column":3}},"loc":{"start":{"line":85,"column":22},"end":{"line":93,"column":3}},"line":85},"2":{"name":"(anonymous_2)","decl":{"start":{"line":89,"column":24},"end":{"line":89,"column":25}},"loc":{"start":{"line":89,"column":49},"end":{"line":91,"column":7}},"line":89},"3":{"name":"(anonymous_3)","decl":{"start":{"line":95,"column":2},"end":{"line":95,"column":3}},"loc":{"start":{"line":95,"column":25},"end":{"line":110,"column":3}},"line":95},"4":{"name":"(anonymous_4)","decl":{"start":{"line":97,"column":12},"end":{"line":97,"column":13}},"loc":{"start":{"line":97,"column":19},"end":{"line":105,"column":7}},"line":97},"5":{"name":"(anonymous_5)","decl":{"start":{"line":106,"column":13},"end":{"line":106,"column":14}},"loc":{"start":{"line":106,"column":20},"end":{"line":109,"column":7}},"line":106},"6":{"name":"(anonymous_6)","decl":{"start":{"line":112,"column":2},"end":{"line":112,"column":3}},"loc":{"start":{"line":112,"column":26},"end":{"line":128,"column":3}},"line":112},"7":{"name":"(anonymous_7)","decl":{"start":{"line":130,"column":2},"end":{"line":130,"column":3}},"loc":{"start":{"line":130,"column":24},"end":{"line":145,"column":3}},"line":130},"8":{"name":"(anonymous_8)","decl":{"start":{"line":147,"column":2},"end":{"line":147,"column":3}},"loc":{"start":{"line":147,"column":25},"end":{"line":155,"column":3}},"line":147},"9":{"name":"(anonymous_9)","decl":{"start":{"line":157,"column":2},"end":{"line":157,"column":3}},"loc":{"start":{"line":157,"column":11},"end":{"line":183,"column":3}},"line":157}},"branchMap":{"0":{"loc":{"start":{"line":86,"column":4},"end":{"line":92,"column":5}},"type":"if","locations":[{"start":{"line":86,"column":4},"end":{"line":92,"column":5}},{"start":{"line":86,"column":4},"end":{"line":92,"column":5}}],"line":86},"1":{"loc":{"start":{"line":98,"column":8},"end":{"line":104,"column":9}},"type":"if","locations":[{"start":{"line":98,"column":8},"end":{"line":104,"column":9}},{"start":{"line":98,"column":8},"end":{"line":104,"column":9}}],"line":98},"2":{"loc":{"start":{"line":98,"column":12},"end":{"line":98,"column":45}},"type":"binary-expr","locations":[{"start":{"line":98,"column":12},"end":{"line":98,"column":24}},{"start":{"line":98,"column":28},"end":{"line":98,"column":45}}],"line":98},"3":{"loc":{"start":{"line":158,"column":4},"end":{"line":182,"column":5}},"type":"if","locations":[{"start":{"line":158,"column":4},"end":{"line":182,"column":5}},{"start":{"line":158,"column":4},"end":{"line":182,"column":5}}],"line":158}},"s":{"0":1,"1":1,"2":1,"3":1,"4":1,"5":1,"6":6,"7":6,"8":6,"9":6,"10":6,"11":6,"12":6,"13":6,"14":0,"15":0,"16":0,"17":0,"18":0,"19":0,"20":0,"21":0,"22":0,"23":0,"24":0,"25":0,"26":0,"27":0,"28":0,"29":0,"30":0,"31":0,"32":6,"33":6,"34":6,"35":6,"36":6,"37":6,"38":0,"39":0,"40":0,"41":12,"42":6,"43":6},"f":{"0":6,"1":6,"2":0,"3":0,"4":0,"5":0,"6":0,"7":6,"8":0,"9":12},"b":{"0":[6,0],"1":[0,0],"2":[0,0],"3":[6,6]},"_coverageSchema":"1a1c01bbd47fc00a2c39e90264f33305004495a9","hash":"c64b5ce43c3d4876e59e3ca745ce32e6d88ab2e9"}
,"/Users/becca/Documents/HackReactor/GitHub Repositories/FEC/Abessia-FrontEndCapstone/client/components/informationBar.jsx": {"path":"/Users/becca/Documents/HackReactor/GitHub Repositories/FEC/Abessia-FrontEndCapstone/client/components/informationBar.jsx","statementMap":{"0":{"start":{"line":6,"column":4},"end":{"line":6,"column":17}},"1":{"start":{"line":10,"column":4},"end":{"line":12,"column":6}}},"fnMap":{"0":{"name":"(anonymous_0)","decl":{"start":{"line":5,"column":2},"end":{"line":5,"column":3}},"loc":{"start":{"line":5,"column":21},"end":{"line":7,"column":3}},"line":5},"1":{"name":"(anonymous_1)","decl":{"start":{"line":9,"column":2},"end":{"line":9,"column":3}},"loc":{"start":{"line":9,"column":12},"end":{"line":13,"column":3}},"line":9}},"branchMap":{},"s":{"0":1,"1":1},"f":{"0":1,"1":1},"b":{},"_coverageSchema":"1a1c01bbd47fc00a2c39e90264f33305004495a9","hash":"492dfe2a736b1a7125ca557b9d933586285af9e5"}
,"/Users/becca/Documents/HackReactor/GitHub Repositories/FEC/Abessia-FrontEndCapstone/client/components/mainImage.jsx": {"path":"/Users/becca/Documents/HackReactor/GitHub Repositories/FEC/Abessia-FrontEndCapstone/client/components/mainImage.jsx","statementMap":{"0":{"start":{"line":4,"column":14},"end":{"line":8,"column":1}},"1":{"start":{"line":12,"column":4},"end":{"line":12,"column":16}},"2":{"start":{"line":14,"column":4},"end":{"line":18,"column":6}},"3":{"start":{"line":22,"column":4},"end":{"line":25,"column":7}},"4":{"start":{"line":31,"column":4},"end":{"line":33,"column":6}}},"fnMap":{"0":{"name":"(anonymous_0)","decl":{"start":{"line":11,"column":2},"end":{"line":11,"column":3}},"loc":{"start":{"line":11,"column":20},"end":{"line":19,"column":3}},"line":11},"1":{"name":"(anonymous_1)","decl":{"start":{"line":21,"column":2},"end":{"line":21,"column":3}},"loc":{"start":{"line":21,"column":22},"end":{"line":26,"column":3}},"line":21},"2":{"name":"(anonymous_2)","decl":{"start":{"line":30,"column":2},"end":{"line":30,"column":3}},"loc":{"start":{"line":30,"column":12},"end":{"line":34,"column":3}},"line":30}},"branchMap":{},"s":{"0":1,"1":1,"2":1,"3":1,"4":2},"f":{"0":1,"1":1,"2":2},"b":{},"_coverageSchema":"1a1c01bbd47fc00a2c39e90264f33305004495a9","hash":"f65f052039222bf8b0402d910e9de97e0f063c67"}
,"/Users/becca/Documents/HackReactor/GitHub Repositories/FEC/Abessia-FrontEndCapstone/client/components/previewImage.jsx": {"path":"/Users/becca/Documents/HackReactor/GitHub Repositories/FEC/Abessia-FrontEndCapstone/client/components/previewImage.jsx","statementMap":{"0":{"start":{"line":4,"column":14},"end":{"line":9,"column":1}},"1":{"start":{"line":11,"column":22},"end":{"line":16,"column":1}},"2":{"start":{"line":20,"column":4},"end":{"line":20,"column":17}},"3":{"start":{"line":22,"column":4},"end":{"line":22,"column":51}},"4":{"start":{"line":24,"column":4},"end":{"line":27,"column":5}},"5":{"start":{"line":31,"column":4},"end":{"line":33,"column":7}},"6":{"start":{"line":34,"column":4},"end":{"line":34,"column":46}},"7":{"start":{"line":38,"column":4},"end":{"line":54,"column":5}},"8":{"start":{"line":39,"column":6},"end":{"line":45,"column":8}},"9":{"start":{"line":46,"column":11},"end":{"line":54,"column":5}},"10":{"start":{"line":47,"column":6},"end":{"line":53,"column":8}}},"fnMap":{"0":{"name":"(anonymous_0)","decl":{"start":{"line":19,"column":2},"end":{"line":19,"column":3}},"loc":{"start":{"line":19,"column":21},"end":{"line":28,"column":3}},"line":19},"1":{"name":"(anonymous_1)","decl":{"start":{"line":30,"column":2},"end":{"line":30,"column":3}},"loc":{"start":{"line":30,"column":16},"end":{"line":35,"column":3}},"line":30},"2":{"name":"(anonymous_2)","decl":{"start":{"line":37,"column":2},"end":{"line":37,"column":3}},"loc":{"start":{"line":37,"column":11},"end":{"line":55,"column":3}},"line":37}},"branchMap":{"0":{"loc":{"start":{"line":38,"column":4},"end":{"line":54,"column":5}},"type":"if","locations":[{"start":{"line":38,"column":4},"end":{"line":54,"column":5}},{"start":{"line":38,"column":4},"end":{"line":54,"column":5}}],"line":38},"1":{"loc":{"start":{"line":46,"column":11},"end":{"line":54,"column":5}},"type":"if","locations":[{"start":{"line":46,"column":11},"end":{"line":54,"column":5}},{"start":{"line":46,"column":11},"end":{"line":54,"column":5}}],"line":46}},"s":{"0":1,"1":1,"2":1,"3":1,"4":1,"5":1,"6":1,"7":2,"8":1,"9":1,"10":1},"f":{"0":1,"1":1,"2":2},"b":{"0":[1,1],"1":[1,0]},"_coverageSchema":"1a1c01bbd47fc00a2c39e90264f33305004495a9","hash":"0e5aee74fd35d844ae307f849a373ece87d748a9"}
,"/Users/becca/Documents/HackReactor/GitHub Repositories/FEC/Abessia-FrontEndCapstone/client/components/previewImages.jsx": {"path":"/Users/becca/Documents/HackReactor/GitHub Repositories/FEC/Abessia-FrontEndCapstone/client/components/previewImages.jsx","statementMap":{"0":{"start":{"line":5,"column":19},"end":{"line":10,"column":1}},"1":{"start":{"line":14,"column":4},"end":{"line":14,"column":17}},"2":{"start":{"line":15,"column":4},"end":{"line":15,"column":57}},"3":{"start":{"line":17,"column":4},"end":{"line":24,"column":6}},"4":{"start":{"line":28,"column":24},"end":{"line":28,"column":26}},"5":{"start":{"line":29,"column":4},"end":{"line":35,"column":5}},"6":{"start":{"line":29,"column":17},"end":{"line":29,"column":37}},"7":{"start":{"line":30,"column":6},"end":{"line":34,"column":7}},"8":{"start":{"line":31,"column":8},"end":{"line":31,"column":14}},"9":{"start":{"line":33,"column":8},"end":{"line":33,"column":74}},"10":{"start":{"line":37,"column":4},"end":{"line":39,"column":7}},"11":{"start":{"line":43,"column":4},"end":{"line":43,"column":37}},"12":{"start":{"line":47,"column":4},"end":{"line":47,"column":67}},"13":{"start":{"line":48,"column":4},"end":{"line":48,"column":33}},"14":{"start":{"line":52,"column":4},"end":{"line":73,"column":5}},"15":{"start":{"line":53,"column":22},"end":{"line":53,"column":46}},"16":{"start":{"line":54,"column":6},"end":{"line":68,"column":8}},"17":{"start":{"line":58,"column":14},"end":{"line":64,"column":52}},"18":{"start":{"line":70,"column":6},"end":{"line":72,"column":8}}},"fnMap":{"0":{"name":"(anonymous_0)","decl":{"start":{"line":13,"column":2},"end":{"line":13,"column":3}},"loc":{"start":{"line":13,"column":21},"end":{"line":25,"column":3}},"line":13},"1":{"name":"(anonymous_1)","decl":{"start":{"line":27,"column":2},"end":{"line":27,"column":3}},"loc":{"start":{"line":27,"column":30},"end":{"line":40,"column":3}},"line":27},"2":{"name":"(anonymous_2)","decl":{"start":{"line":42,"column":2},"end":{"line":42,"column":3}},"loc":{"start":{"line":42,"column":22},"end":{"line":44,"column":3}},"line":42},"3":{"name":"(anonymous_3)","decl":{"start":{"line":46,"column":2},"end":{"line":46,"column":3}},"loc":{"start":{"line":46,"column":24},"end":{"line":49,"column":3}},"line":46},"4":{"name":"(anonymous_4)","decl":{"start":{"line":51,"column":2},"end":{"line":51,"column":3}},"loc":{"start":{"line":51,"column":12},"end":{"line":74,"column":3}},"line":51},"5":{"name":"(anonymous_5)","decl":{"start":{"line":56,"column":23},"end":{"line":56,"column":24}},"loc":{"start":{"line":58,"column":14},"end":{"line":64,"column":52}},"line":58}},"branchMap":{"0":{"loc":{"start":{"line":30,"column":6},"end":{"line":34,"column":7}},"type":"if","locations":[{"start":{"line":30,"column":6},"end":{"line":34,"column":7}},{"start":{"line":30,"column":6},"end":{"line":34,"column":7}}],"line":30},"1":{"loc":{"start":{"line":52,"column":4},"end":{"line":73,"column":5}},"type":"if","locations":[{"start":{"line":52,"column":4},"end":{"line":73,"column":5}},{"start":{"line":52,"column":4},"end":{"line":73,"column":5}}],"line":52}},"s":{"0":1,"1":1,"2":1,"3":1,"4":1,"5":1,"6":1,"7":5,"8":0,"9":5,"10":1,"11":1,"12":0,"13":0,"14":2,"15":1,"16":1,"17":5,"18":1},"f":{"0":1,"1":1,"2":1,"3":0,"4":2,"5":5},"b":{"0":[0,5],"1":[1,1]},"_coverageSchema":"1a1c01bbd47fc00a2c39e90264f33305004495a9","hash":"c5f1b193d1adc19bd5e2094e9cd896fe9739bb16"}
,"/Users/becca/Documents/HackReactor/GitHub Repositories/FEC/Abessia-FrontEndCapstone/server/fakerData.js": {"path":"/Users/becca/Documents/HackReactor/GitHub Repositories/FEC/Abessia-FrontEndCapstone/server/fakerData.js","statementMap":{"0":{"start":{"line":1,"column":14},"end":{"line":1,"column":30}},"1":{"start":{"line":4,"column":19},"end":{"line":11,"column":1}},"2":{"start":{"line":5,"column":19},"end":{"line":5,"column":21}},"3":{"start":{"line":6,"column":2},"end":{"line":6,"column":49}},"4":{"start":{"line":7,"column":2},"end":{"line":7,"column":51}},"5":{"start":{"line":8,"column":2},"end":{"line":8,"column":37}},"6":{"start":{"line":9,"column":2},"end":{"line":9,"column":44}},"7":{"start":{"line":10,"column":2},"end":{"line":10,"column":20}},"8":{"start":{"line":13,"column":21},"end":{"line":26,"column":1}},"9":{"start":{"line":15,"column":17},"end":{"line":15,"column":52}},"10":{"start":{"line":16,"column":15},"end":{"line":16,"column":17}},"11":{"start":{"line":18,"column":2},"end":{"line":23,"column":3}},"12":{"start":{"line":18,"column":15},"end":{"line":18,"column":16}},"13":{"start":{"line":19,"column":19},"end":{"line":19,"column":21}},"14":{"start":{"line":20,"column":4},"end":{"line":20,"column":43}},"15":{"start":{"line":21,"column":4},"end":{"line":21,"column":38}},"16":{"start":{"line":22,"column":4},"end":{"line":22,"column":26}},"17":{"start":{"line":25,"column":2},"end":{"line":25,"column":16}},"18":{"start":{"line":28,"column":20},"end":{"line":36,"column":1}},"19":{"start":{"line":29,"column":17},"end":{"line":29,"column":19}},"20":{"start":{"line":31,"column":16},"end":{"line":31,"column":52}},"21":{"start":{"line":32,"column":2},"end":{"line":34,"column":3}},"22":{"start":{"line":32,"column":15},"end":{"line":32,"column":16}},"23":{"start":{"line":33,"column":4},"end":{"line":33,"column":32}},"24":{"start":{"line":35,"column":2},"end":{"line":35,"column":18}},"25":{"start":{"line":38,"column":19},"end":{"line":48,"column":1}},"26":{"start":{"line":39,"column":15},"end":{"line":39,"column":17}},"27":{"start":{"line":42,"column":17},"end":{"line":42,"column":52}},"28":{"start":{"line":44,"column":2},"end":{"line":44,"column":37}},"29":{"start":{"line":45,"column":2},"end":{"line":45,"column":46}},"30":{"start":{"line":47,"column":2},"end":{"line":47,"column":16}},"31":{"start":{"line":51,"column":17},"end":{"line":51,"column":19}},"32":{"start":{"line":52,"column":2},"end":{"line":54,"column":3}},"33":{"start":{"line":52,"column":15},"end":{"line":52,"column":16}},"34":{"start":{"line":53,"column":4},"end":{"line":53,"column":91}},"35":{"start":{"line":55,"column":2},"end":{"line":55,"column":18}},"36":{"start":{"line":58,"column":18},"end":{"line":58,"column":35}},"37":{"start":{"line":60,"column":0},"end":{"line":64,"column":2}}},"fnMap":{"0":{"name":"(anonymous_0)","decl":{"start":{"line":4,"column":19},"end":{"line":4,"column":20}},"loc":{"start":{"line":4,"column":25},"end":{"line":11,"column":1}},"line":4},"1":{"name":"(anonymous_1)","decl":{"start":{"line":13,"column":21},"end":{"line":13,"column":22}},"loc":{"start":{"line":13,"column":27},"end":{"line":26,"column":1}},"line":13},"2":{"name":"(anonymous_2)","decl":{"start":{"line":28,"column":20},"end":{"line":28,"column":21}},"loc":{"start":{"line":28,"column":26},"end":{"line":36,"column":1}},"line":28},"3":{"name":"(anonymous_3)","decl":{"start":{"line":38,"column":19},"end":{"line":38,"column":20}},"loc":{"start":{"line":38,"column":25},"end":{"line":48,"column":1}},"line":38},"4":{"name":"generatePicData","decl":{"start":{"line":50,"column":9},"end":{"line":50,"column":24}},"loc":{"start":{"line":50,"column":28},"end":{"line":56,"column":1}},"line":50}},"branchMap":{},"s":{"0":1,"1":1,"2":100,"3":100,"4":100,"5":100,"6":100,"7":100,"8":1,"9":100,"10":100,"11":100,"12":100,"13":200,"14":200,"15":200,"16":200,"17":100,"18":1,"19":202,"20":202,"21":202,"22":202,"23":1163,"24":202,"25":1,"26":1165,"27":1165,"28":1165,"29":1165,"30":1165,"31":1,"32":1,"33":1,"34":30,"35":1,"36":1,"37":1},"f":{"0":100,"1":100,"2":202,"3":1165,"4":1},"b":{},"_coverageSchema":"1a1c01bbd47fc00a2c39e90264f33305004495a9","hash":"44ed441b828ea028ff984556b9a25d0f7d4ef8c6"}
,"/Users/becca/Documents/HackReactor/GitHub Repositories/FEC/Abessia-FrontEndCapstone/server/seedDB.js": {"path":"/Users/becca/Documents/HackReactor/GitHub Repositories/FEC/Abessia-FrontEndCapstone/server/seedDB.js","statementMap":{"0":{"start":{"line":1,"column":14},"end":{"line":1,"column":30}},"1":{"start":{"line":2,"column":13},"end":{"line":2,"column":38}},"2":{"start":{"line":3,"column":15},"end":{"line":3,"column":37}},"3":{"start":{"line":6,"column":19},"end":{"line":13,"column":3}},"4":{"start":{"line":14,"column":2},"end":{"line":14,"column":20}},"5":{"start":{"line":19,"column":22},"end":{"line":19,"column":24}},"6":{"start":{"line":20,"column":2},"end":{"line":22,"column":3}},"7":{"start":{"line":20,"column":15},"end":{"line":20,"column":16}},"8":{"start":{"line":21,"column":4},"end":{"line":21,"column":42}},"9":{"start":{"line":23,"column":2},"end":{"line":23,"column":23}},"10":{"start":{"line":29,"column":16},"end":{"line":29,"column":52}},"11":{"start":{"line":30,"column":19},"end":{"line":30,"column":60}},"12":{"start":{"line":32,"column":2},"end":{"line":44,"column":3}},"13":{"start":{"line":32,"column":15},"end":{"line":32,"column":16}},"14":{"start":{"line":33,"column":21},"end":{"line":33,"column":51}},"15":{"start":{"line":34,"column":13},"end":{"line":34,"column":18}},"16":{"start":{"line":35,"column":21},"end":{"line":35,"column":109}},"17":{"start":{"line":36,"column":16},"end":{"line":36,"column":39}},"18":{"start":{"line":37,"column":4},"end":{"line":43,"column":7}},"19":{"start":{"line":38,"column":6},"end":{"line":42,"column":7}},"20":{"start":{"line":39,"column":8},"end":{"line":39,"column":28}},"21":{"start":{"line":41,"column":8},"end":{"line":41,"column":28}},"22":{"start":{"line":47,"column":0},"end":{"line":51,"column":2}}},"fnMap":{"0":{"name":"makeConnection","decl":{"start":{"line":5,"column":9},"end":{"line":5,"column":23}},"loc":{"start":{"line":5,"column":33},"end":{"line":15,"column":1}},"line":5},"1":{"name":"generateProductsTable","decl":{"start":{"line":18,"column":9},"end":{"line":18,"column":30}},"loc":{"start":{"line":18,"column":38},"end":{"line":24,"column":1}},"line":18},"2":{"name":"seedDataBase","decl":{"start":{"line":28,"column":9},"end":{"line":28,"column":21}},"loc":{"start":{"line":28,"column":58},"end":{"line":45,"column":1}},"line":28},"3":{"name":"(anonymous_3)","decl":{"start":{"line":37,"column":28},"end":{"line":37,"column":29}},"loc":{"start":{"line":37,"column":42},"end":{"line":43,"column":5}},"line":37}},"branchMap":{"0":{"loc":{"start":{"line":38,"column":6},"end":{"line":42,"column":7}},"type":"if","locations":[{"start":{"line":38,"column":6},"end":{"line":42,"column":7}},{"start":{"line":38,"column":6},"end":{"line":42,"column":7}}],"line":38}},"s":{"0":1,"1":1,"2":1,"3":0,"4":0,"5":1,"6":1,"7":1,"8":100,"9":1,"10":0,"11":0,"12":0,"13":0,"14":0,"15":0,"16":0,"17":0,"18":0,"19":0,"20":0,"21":0,"22":1},"f":{"0":0,"1":1,"2":0,"3":0},"b":{"0":[0,0]},"_coverageSchema":"1a1c01bbd47fc00a2c39e90264f33305004495a9","hash":"2cb9c59b7227beb650da2f706c64b916b33eab37"}
}
