{"/Users/becca/Documents/HackReactor/GitHub Repositories/FEC/Abessia-FrontEndCapstone/server/config.js": {"path":"/Users/becca/Documents/HackReactor/GitHub Repositories/FEC/Abessia-FrontEndCapstone/server/config.js","statementMap":{"0":{"start":{"line":1,"column":18},"end":{"line":6,"column":1}},"1":{"start":{"line":8,"column":18},"end":{"line":13,"column":1}},"2":{"start":{"line":15,"column":0},"end":{"line":18,"column":1}}},"fnMap":{},"branchMap":{},"s":{"0":1,"1":1,"2":1},"f":{},"b":{},"_coverageSchema":"1a1c01bbd47fc00a2c39e90264f33305004495a9","hash":"fdb960a355215a1be39356380de85b9c9254a6bc"}
,"/Users/becca/Documents/HackReactor/GitHub Repositories/FEC/Abessia-FrontEndCapstone/server/fakerData.js": {"path":"/Users/becca/Documents/HackReactor/GitHub Repositories/FEC/Abessia-FrontEndCapstone/server/fakerData.js","statementMap":{"0":{"start":{"line":1,"column":14},"end":{"line":1,"column":30}},"1":{"start":{"line":4,"column":19},"end":{"line":11,"column":1}},"2":{"start":{"line":5,"column":19},"end":{"line":5,"column":21}},"3":{"start":{"line":6,"column":2},"end":{"line":6,"column":49}},"4":{"start":{"line":7,"column":2},"end":{"line":7,"column":51}},"5":{"start":{"line":8,"column":2},"end":{"line":8,"column":37}},"6":{"start":{"line":9,"column":2},"end":{"line":9,"column":44}},"7":{"start":{"line":10,"column":2},"end":{"line":10,"column":20}},"8":{"start":{"line":13,"column":21},"end":{"line":26,"column":1}},"9":{"start":{"line":15,"column":17},"end":{"line":15,"column":52}},"10":{"start":{"line":16,"column":15},"end":{"line":16,"column":17}},"11":{"start":{"line":18,"column":2},"end":{"line":23,"column":3}},"12":{"start":{"line":18,"column":15},"end":{"line":18,"column":16}},"13":{"start":{"line":19,"column":19},"end":{"line":19,"column":21}},"14":{"start":{"line":20,"column":4},"end":{"line":20,"column":43}},"15":{"start":{"line":21,"column":4},"end":{"line":21,"column":38}},"16":{"start":{"line":22,"column":4},"end":{"line":22,"column":26}},"17":{"start":{"line":25,"column":2},"end":{"line":25,"column":16}},"18":{"start":{"line":28,"column":20},"end":{"line":36,"column":1}},"19":{"start":{"line":29,"column":17},"end":{"line":29,"column":19}},"20":{"start":{"line":31,"column":16},"end":{"line":31,"column":51}},"21":{"start":{"line":32,"column":2},"end":{"line":34,"column":3}},"22":{"start":{"line":32,"column":15},"end":{"line":32,"column":16}},"23":{"start":{"line":33,"column":4},"end":{"line":33,"column":32}},"24":{"start":{"line":35,"column":2},"end":{"line":35,"column":18}},"25":{"start":{"line":38,"column":19},"end":{"line":48,"column":1}},"26":{"start":{"line":39,"column":15},"end":{"line":39,"column":17}},"27":{"start":{"line":42,"column":17},"end":{"line":42,"column":52}},"28":{"start":{"line":44,"column":2},"end":{"line":44,"column":37}},"29":{"start":{"line":45,"column":2},"end":{"line":45,"column":46}},"30":{"start":{"line":47,"column":2},"end":{"line":47,"column":16}},"31":{"start":{"line":51,"column":17},"end":{"line":51,"column":19}},"32":{"start":{"line":52,"column":2},"end":{"line":54,"column":3}},"33":{"start":{"line":52,"column":15},"end":{"line":52,"column":16}},"34":{"start":{"line":53,"column":4},"end":{"line":53,"column":91}},"35":{"start":{"line":55,"column":2},"end":{"line":55,"column":18}},"36":{"start":{"line":58,"column":18},"end":{"line":58,"column":35}},"37":{"start":{"line":60,"column":0},"end":{"line":64,"column":2}}},"fnMap":{"0":{"name":"(anonymous_0)","decl":{"start":{"line":4,"column":19},"end":{"line":4,"column":20}},"loc":{"start":{"line":4,"column":25},"end":{"line":11,"column":1}},"line":4},"1":{"name":"(anonymous_1)","decl":{"start":{"line":13,"column":21},"end":{"line":13,"column":22}},"loc":{"start":{"line":13,"column":27},"end":{"line":26,"column":1}},"line":13},"2":{"name":"(anonymous_2)","decl":{"start":{"line":28,"column":20},"end":{"line":28,"column":21}},"loc":{"start":{"line":28,"column":26},"end":{"line":36,"column":1}},"line":28},"3":{"name":"(anonymous_3)","decl":{"start":{"line":38,"column":19},"end":{"line":38,"column":20}},"loc":{"start":{"line":38,"column":25},"end":{"line":48,"column":1}},"line":38},"4":{"name":"generatePicData","decl":{"start":{"line":50,"column":9},"end":{"line":50,"column":24}},"loc":{"start":{"line":50,"column":28},"end":{"line":56,"column":1}},"line":50}},"branchMap":{},"s":{"0":1,"1":1,"2":101,"3":101,"4":101,"5":101,"6":101,"7":101,"8":1,"9":101,"10":101,"11":101,"12":101,"13":216,"14":216,"15":216,"16":216,"17":101,"18":1,"19":217,"20":217,"21":217,"22":217,"23":870,"24":217,"25":1,"26":871,"27":871,"28":871,"29":871,"30":871,"31":1,"32":1,"33":1,"34":30,"35":1,"36":1,"37":1},"f":{"0":101,"1":101,"2":217,"3":871,"4":1},"b":{},"_coverageSchema":"1a1c01bbd47fc00a2c39e90264f33305004495a9","hash":"ac104e44d6b9cc3c327932a1bcd24eb964ce3be5"}
,"/Users/becca/Documents/HackReactor/GitHub Repositories/FEC/Abessia-FrontEndCapstone/server/index.js": {"path":"/Users/becca/Documents/HackReactor/GitHub Repositories/FEC/Abessia-FrontEndCapstone/server/index.js","statementMap":{},"fnMap":{},"branchMap":{},"s":{},"f":{},"b":{},"_coverageSchema":"1a1c01bbd47fc00a2c39e90264f33305004495a9","hash":"7d500a4fe471507b227427f418348493aaab93f2"}
,"/Users/becca/Documents/HackReactor/GitHub Repositories/FEC/Abessia-FrontEndCapstone/server/seedDB.js": {"path":"/Users/becca/Documents/HackReactor/GitHub Repositories/FEC/Abessia-FrontEndCapstone/server/seedDB.js","statementMap":{"0":{"start":{"line":1,"column":14},"end":{"line":1,"column":30}},"1":{"start":{"line":2,"column":13},"end":{"line":2,"column":38}},"2":{"start":{"line":3,"column":15},"end":{"line":3,"column":37}},"3":{"start":{"line":6,"column":19},"end":{"line":13,"column":3}},"4":{"start":{"line":15,"column":2},"end":{"line":15,"column":20}},"5":{"start":{"line":20,"column":22},"end":{"line":20,"column":24}},"6":{"start":{"line":22,"column":2},"end":{"line":24,"column":3}},"7":{"start":{"line":22,"column":15},"end":{"line":22,"column":16}},"8":{"start":{"line":23,"column":4},"end":{"line":23,"column":42}},"9":{"start":{"line":26,"column":2},"end":{"line":26,"column":32}},"10":{"start":{"line":28,"column":2},"end":{"line":28,"column":23}},"11":{"start":{"line":34,"column":2},"end":{"line":34,"column":23}},"12":{"start":{"line":35,"column":16},"end":{"line":35,"column":52}},"13":{"start":{"line":36,"column":19},"end":{"line":36,"column":60}},"14":{"start":{"line":38,"column":2},"end":{"line":52,"column":3}},"15":{"start":{"line":38,"column":15},"end":{"line":38,"column":16}},"16":{"start":{"line":39,"column":21},"end":{"line":39,"column":51}},"17":{"start":{"line":40,"column":13},"end":{"line":40,"column":18}},"18":{"start":{"line":41,"column":21},"end":{"line":41,"column":109}},"19":{"start":{"line":43,"column":16},"end":{"line":43,"column":39}},"20":{"start":{"line":45,"column":4},"end":{"line":51,"column":7}},"21":{"start":{"line":46,"column":6},"end":{"line":50,"column":7}},"22":{"start":{"line":47,"column":8},"end":{"line":47,"column":28}},"23":{"start":{"line":49,"column":8},"end":{"line":49,"column":28}},"24":{"start":{"line":55,"column":0},"end":{"line":59,"column":2}}},"fnMap":{"0":{"name":"makeConnection","decl":{"start":{"line":5,"column":9},"end":{"line":5,"column":23}},"loc":{"start":{"line":5,"column":33},"end":{"line":16,"column":1}},"line":5},"1":{"name":"generateProductsTable","decl":{"start":{"line":19,"column":9},"end":{"line":19,"column":30}},"loc":{"start":{"line":19,"column":38},"end":{"line":29,"column":1}},"line":19},"2":{"name":"seedDataBase","decl":{"start":{"line":33,"column":9},"end":{"line":33,"column":21}},"loc":{"start":{"line":33,"column":58},"end":{"line":53,"column":1}},"line":33},"3":{"name":"(anonymous_3)","decl":{"start":{"line":45,"column":28},"end":{"line":45,"column":29}},"loc":{"start":{"line":45,"column":42},"end":{"line":51,"column":5}},"line":45}},"branchMap":{"0":{"loc":{"start":{"line":46,"column":6},"end":{"line":50,"column":7}},"type":"if","locations":[{"start":{"line":46,"column":6},"end":{"line":50,"column":7}},{"start":{"line":46,"column":6},"end":{"line":50,"column":7}}],"line":46}},"s":{"0":1,"1":1,"2":1,"3":1,"4":1,"5":1,"6":1,"7":1,"8":100,"9":1,"10":1,"11":1,"12":1,"13":1,"14":1,"15":1,"16":100,"17":100,"18":100,"19":100,"20":100,"21":0,"22":0,"23":0,"24":1},"f":{"0":1,"1":1,"2":1,"3":0},"b":{"0":[0,0]},"_coverageSchema":"1a1c01bbd47fc00a2c39e90264f33305004495a9","hash":"07c52ac83d204373ce41915e69d79b77466a0e9c"}
}
