TN:
SF:server/config.js
FNF:0
FNH:0
DA:1,1
DA:8,1
DA:15,1
LF:3
LH:3
BRF:0
BRH:0
end_of_record
TN:
SF:server/fakerData.js
FN:4,(anonymous_0)
FN:13,(anonymous_1)
FN:28,(anonymous_2)
FN:38,(anonymous_3)
FN:50,generatePicData
FNF:5
FNH:5
FNDA:101,(anonymous_0)
FNDA:101,(anonymous_1)
FNDA:217,(anonymous_2)
FNDA:871,(anonymous_3)
FNDA:1,generatePicData
DA:1,1
DA:4,1
DA:5,101
DA:6,101
DA:7,101
DA:8,101
DA:9,101
DA:10,101
DA:13,1
DA:15,101
DA:16,101
DA:18,101
DA:19,216
DA:20,216
DA:21,216
DA:22,216
DA:25,101
DA:28,1
DA:29,217
DA:31,217
DA:32,217
DA:33,870
DA:35,217
DA:38,1
DA:39,871
DA:42,871
DA:44,871
DA:45,871
DA:47,871
DA:51,1
DA:52,1
DA:53,30
DA:55,1
DA:58,1
DA:60,1
LF:35
LH:35
BRF:0
BRH:0
end_of_record
TN:
SF:server/index.js
FNF:0
FNH:0
LF:0
LH:0
BRF:0
BRH:0
end_of_record
TN:
SF:server/seedDB.js
FN:5,makeConnection
FN:19,generateProductsTable
FN:33,seedDataBase
FN:45,(anonymous_3)
FNF:4
FNH:3
FNDA:1,makeConnection
FNDA:1,generateProductsTable
FNDA:1,seedDataBase
FNDA:0,(anonymous_3)
DA:1,1
DA:2,1
DA:3,1
DA:6,1
DA:15,1
DA:20,1
DA:22,1
DA:23,100
DA:26,1
DA:28,1
DA:34,1
DA:35,1
DA:36,1
DA:38,1
DA:39,100
DA:40,100
DA:41,100
DA:43,100
DA:45,100
DA:46,0
DA:47,0
DA:49,0
DA:55,1
LF:23
LH:20
BRDA:46,0,0,0
BRDA:46,0,1,0
BRF:2
BRH:0
end_of_record
