TN:
SF:client/app.jsx
FN:51,(anonymous_0)
FN:72,(anonymous_1)
FN:76,(anonymous_2)
FN:82,(anonymous_3)
FN:84,(anonymous_4)
FN:93,(anonymous_5)
FN:99,(anonymous_6)
FN:117,(anonymous_7)
FN:134,(anonymous_8)
FN:144,(anonymous_9)
FNF:10
FNH:4
FNDA:6,(anonymous_0)
FNDA:6,(anonymous_1)
FNDA:0,(anonymous_2)
FNDA:0,(anonymous_3)
FNDA:0,(anonymous_4)
FNDA:0,(anonymous_5)
FNDA:0,(anonymous_6)
FNDA:6,(anonymous_7)
FNDA:0,(anonymous_8)
FNDA:12,(anonymous_9)
DA:14,1
DA:21,1
DA:26,1
DA:32,1
DA:38,1
DA:44,1
DA:52,6
DA:54,6
DA:55,6
DA:56,6
DA:57,6
DA:59,6
DA:73,6
DA:74,6
DA:76,0
DA:77,0
DA:83,0
DA:85,0
DA:86,0
DA:87,0
DA:88,0
DA:90,0
DA:94,0
DA:95,0
DA:100,0
DA:101,0
DA:102,0
DA:103,0
DA:104,0
DA:111,0
DA:114,0
DA:118,6
DA:119,6
DA:120,6
DA:121,6
DA:122,6
DA:124,6
DA:135,0
DA:136,0
DA:137,0
DA:145,12
DA:146,6
DA:150,6
LF:43
LH:23
BRDA:73,0,0,6
BRDA:73,0,1,0
BRDA:85,1,0,0
BRDA:85,1,1,0
BRDA:85,2,0,0
BRDA:85,2,1,0
BRDA:145,3,0,6
BRDA:145,3,1,6
BRF:8
BRH:3
end_of_record
TN:
SF:client/components/informationBar.jsx
FN:5,(anonymous_0)
FN:9,(anonymous_1)
FNF:2
FNH:2
FNDA:1,(anonymous_0)
FNDA:1,(anonymous_1)
DA:6,1
DA:10,1
LF:2
LH:2
BRF:0
BRH:0
end_of_record
TN:
SF:client/components/mainImage.jsx
FN:20,(anonymous_0)
FN:29,(anonymous_1)
FN:38,(anonymous_2)
FNF:3
FNH:0
FNDA:0,(anonymous_0)
FNDA:0,(anonymous_1)
FNDA:0,(anonymous_2)
DA:5,1
DA:21,0
DA:23,0
DA:30,0
DA:39,0
DA:45,0
DA:51,0
DA:58,0
LF:8
LH:1
BRF:0
BRH:0
end_of_record
TN:
SF:client/components/previewImage.jsx
FN:19,(anonymous_0)
FN:30,(anonymous_1)
FN:37,(anonymous_2)
FNF:3
FNH:3
FNDA:1,(anonymous_0)
FNDA:1,(anonymous_1)
FNDA:2,(anonymous_2)
DA:4,1
DA:11,1
DA:20,1
DA:22,1
DA:24,1
DA:31,1
DA:34,1
DA:38,2
DA:39,1
DA:46,1
DA:47,1
LF:11
LH:11
BRDA:38,0,0,1
BRDA:38,0,1,1
BRDA:46,1,0,1
BRDA:46,1,1,0
BRF:4
BRH:3
end_of_record
TN:
SF:client/components/previewImages.jsx
FN:13,(anonymous_0)
FN:27,(anonymous_1)
FN:42,(anonymous_2)
FN:46,(anonymous_3)
FN:51,(anonymous_4)
FN:56,(anonymous_5)
FNF:6
FNH:5
FNDA:1,(anonymous_0)
FNDA:1,(anonymous_1)
FNDA:1,(anonymous_2)
FNDA:0,(anonymous_3)
FNDA:2,(anonymous_4)
FNDA:5,(anonymous_5)
DA:5,1
DA:14,1
DA:15,1
DA:17,1
DA:28,1
DA:29,1
DA:30,5
DA:31,0
DA:33,5
DA:37,1
DA:43,1
DA:47,0
DA:48,0
DA:52,2
DA:53,1
DA:54,1
DA:58,5
DA:70,1
LF:18
LH:15
BRDA:30,0,0,0
BRDA:30,0,1,5
BRDA:52,1,0,1
BRDA:52,1,1,1
BRF:4
BRH:3
end_of_record
TN:
SF:server/fakerData.js
FN:4,(anonymous_0)
FN:13,(anonymous_1)
FN:28,(anonymous_2)
FN:38,(anonymous_3)
FN:50,generatePicData
FNF:5
FNH:5
FNDA:100,(anonymous_0)
FNDA:100,(anonymous_1)
FNDA:208,(anonymous_2)
FNDA:1177,(anonymous_3)
FNDA:1,generatePicData
DA:1,1
DA:4,1
DA:5,100
DA:6,100
DA:7,100
DA:8,100
DA:9,100
DA:10,100
DA:13,1
DA:15,100
DA:16,100
DA:18,100
DA:19,204
DA:20,204
DA:21,204
DA:22,204
DA:25,100
DA:28,1
DA:29,208
DA:31,208
DA:32,208
DA:33,1176
DA:35,208
DA:38,1
DA:39,1177
DA:42,1177
DA:44,1177
DA:45,1177
DA:47,1177
DA:51,1
DA:52,1
DA:53,30
DA:55,1
DA:58,1
DA:60,1
LF:35
LH:35
BRF:0
BRH:0
end_of_record
TN:
SF:server/seedDB.js
FN:5,makeConnection
FN:18,generateProductsTable
FN:28,seedDataBase
FN:37,(anonymous_3)
FNF:4
FNH:1
FNDA:0,makeConnection
FNDA:1,generateProductsTable
FNDA:0,seedDataBase
FNDA:0,(anonymous_3)
DA:1,1
DA:2,1
DA:3,1
DA:6,0
DA:14,0
DA:19,1
DA:20,1
DA:21,100
DA:23,1
DA:29,0
DA:30,0
DA:32,0
DA:33,0
DA:34,0
DA:35,0
DA:36,0
DA:37,0
DA:38,0
DA:39,0
DA:41,0
DA:47,1
LF:21
LH:8
BRDA:38,0,0,0
BRDA:38,0,1,0
BRF:2
BRH:0
end_of_record
